<?xml version="1.0" encoding="UTF-8" ?>
<testsuite errors="0" failures="0" hostname="nens-lt-41" name="test.org.relique.jdbc.csv.TestScrollableDriver" tests="6" time="0.219" timestamp="2011-04-26T07:00:39">
  <properties>
[...]
</properties>
  <testcase classname="test.org.relique.jdbc.csv.TestScrollableDriver" name="testScroll" time="0.065" />
  <testcase classname="test.org.relique.jdbc.csv.TestScrollableDriver" name="testIsFirstIsLast" time="0.003" />
  <testcase classname="test.org.relique.jdbc.csv.TestScrollableDriver" name="testScrollWithMultiLineText" time="0.032" />
  <testcase classname="test.org.relique.jdbc.csv.TestScrollableDriver" name="testWhereNoResults" time="0.004" />
  <testcase classname="test.org.relique.jdbc.csv.TestScrollableDriver" name="testWhereSingleRecord" time="0.003" />
  <testcase classname="test.org.relique.jdbc.csv.TestScrollableDriver" name="testWhereMultipleResult" time="0.004" />
  <system-out><![CDATA[]]></system-out>
  <system-err><![CDATA[]]></system-err>
</testsuite>
