<?xml version="1.0" encoding="UTF-8" ?>
<testsuite errors="0" failures="2" hostname="nens-lt-41" name="test.org.relique.jdbc.csv.TestCsvDriver" tests="68" time="75.65" timestamp="2011-04-26T06:59:20">
  <properties>
[...]
</properties>
  <testcase classname="test.org.relique.jdbc.csv.TestCsvDriver" name="testWithDefaultValues" time="0.326" />
  <testcase classname="test.org.relique.jdbc.csv.TestCsvDriver" name="testWhereSimple" time="0.27" />
  <testcase classname="test.org.relique.jdbc.csv.TestCsvDriver" name="testWhereShuffled" time="0.003" />
  <testcase classname="test.org.relique.jdbc.csv.TestCsvDriver" name="testWithProperties" time="0.011" />
  <testcase classname="test.org.relique.jdbc.csv.TestCsvDriver" name="testMetadata" time="0.011" />
  <testcase classname="test.org.relique.jdbc.csv.TestCsvDriver" name="testMetadataWithSupressedHeaders" time="0.001" />
  <testcase classname="test.org.relique.jdbc.csv.TestCsvDriver" name="testMetadataWithColumnType" time="0.041" />
  <testcase classname="test.org.relique.jdbc.csv.TestCsvDriver" name="testMetadataWithColumnTypeShuffled" time="0.009">
    <failure message="type of column 1 is incorrect expected:&lt;93&gt; but was:&lt;4&gt;" type="junit.framework.AssertionFailedError">junit.framework.AssertionFailedError: type of column 1 is incorrect expected:&lt;93&gt; but was:&lt;4&gt;
	at test.org.relique.jdbc.csv.TestCsvDriver.testMetadataWithColumnTypeShuffled(TestCsvDriver.java:351)
</failure>
  </testcase>
  <testcase classname="test.org.relique.jdbc.csv.TestCsvDriver" name="testMetadataWithOperations" time="0.004">
    <failure message="type of column 2 is incorrect expected:&lt;93&gt; but was:&lt;12&gt;" type="junit.framework.AssertionFailedError">junit.framework.AssertionFailedError: type of column 2 is incorrect expected:&lt;93&gt; but was:&lt;12&gt;
	at test.org.relique.jdbc.csv.TestCsvDriver.testMetadataWithOperations(TestCsvDriver.java:383)
</failure>
  </testcase>
  <testcase classname="test.org.relique.jdbc.csv.TestCsvDriver" name="testColumnTypesUserSpecified" time="0.011" />
  <testcase classname="test.org.relique.jdbc.csv.TestCsvDriver" name="testColumnTypesUserSpecifiedShuffled" time="0.004" />
  <testcase classname="test.org.relique.jdbc.csv.TestCsvDriver" name="testColumnTypesUserSpecifiedTS" time="0.004" />
  <testcase classname="test.org.relique.jdbc.csv.TestCsvDriver" name="testColumnTypesInferFromData" time="0.005" />
  <testcase classname="test.org.relique.jdbc.csv.TestCsvDriver" name="testColumnTypesDefaultBehaviour" time="0.003" />
  <testcase classname="test.org.relique.jdbc.csv.TestCsvDriver" name="testColumnTypesWithSelectStar" time="0.003" />
  <testcase classname="test.org.relique.jdbc.csv.TestCsvDriver" name="testWithSuppressedHeaders" time="0.003" />
  <testcase classname="test.org.relique.jdbc.csv.TestCsvDriver" name="testRelativePath" time="0.001" />
  <testcase classname="test.org.relique.jdbc.csv.TestCsvDriver" name="testWhereMultipleResult" time="0.003" />
  <testcase classname="test.org.relique.jdbc.csv.TestCsvDriver" name="testFieldAsAlias" time="0.008" />
  <testcase classname="test.org.relique.jdbc.csv.TestCsvDriver" name="testSelectStar" time="0.003" />
  <testcase classname="test.org.relique.jdbc.csv.TestCsvDriver" name="testLiteralAsAlias" time="0.003" />
  <testcase classname="test.org.relique.jdbc.csv.TestCsvDriver" name="testWhereNoResults" time="0.003" />
  <testcase classname="test.org.relique.jdbc.csv.TestCsvDriver" name="testSelectStarWhereMultipleResult" time="0.003" />
  <testcase classname="test.org.relique.jdbc.csv.TestCsvDriver" name="testWhereWithAndOperator" time="0.006" />
  <testcase classname="test.org.relique.jdbc.csv.TestCsvDriver" name="testWhereWithBetweenOperator" time="0.003" />
  <testcase classname="test.org.relique.jdbc.csv.TestCsvDriver" name="testWhereWithUnselectedColumn" time="0.002" />
  <testcase classname="test.org.relique.jdbc.csv.TestCsvDriver" name="test1073375" time="0.255" />
  <testcase classname="test.org.relique.jdbc.csv.TestCsvDriver" name="test0733215" time="0.014" />
  <testcase classname="test.org.relique.jdbc.csv.TestCsvDriver" name="test3091923" time="0.025" />
  <testcase classname="test.org.relique.jdbc.csv.TestCsvDriver" name="testColumnWithDot" time="0.019" />
  <testcase classname="test.org.relique.jdbc.csv.TestCsvDriver" name="testFromNonExistingIndexedTable" time="73.168" />
  <testcase classname="test.org.relique.jdbc.csv.TestCsvDriver" name="testFromIndexedTable" time="0.106" />
  <testcase classname="test.org.relique.jdbc.csv.TestCsvDriver" name="testFromIndexedTablePrepend" time="0.078" />
  <testcase classname="test.org.relique.jdbc.csv.TestCsvDriver" name="testAddingFields" time="0.002" />
  <testcase classname="test.org.relique.jdbc.csv.TestCsvDriver" name="testReadingTime" time="0.019" />
  <testcase classname="test.org.relique.jdbc.csv.TestCsvDriver" name="testAddingDateToTime" time="0.011" />
  <testcase classname="test.org.relique.jdbc.csv.TestCsvDriver" name="testWithComments" time="0.341" />
  <testcase classname="test.org.relique.jdbc.csv.TestCsvDriver" name="testWithoutComments" time="0.002" />
  <testcase classname="test.org.relique.jdbc.csv.TestCsvDriver" name="testSkippingLeadingLines" time="0.001" />
  <testcase classname="test.org.relique.jdbc.csv.TestCsvDriver" name="testNonParseableWithColumnTypes" time="0.003" />
  <testcase classname="test.org.relique.jdbc.csv.TestCsvDriver" name="testNonParseableWithHeaderline" time="0.001" />
  <testcase classname="test.org.relique.jdbc.csv.TestCsvDriver" name="testNonParseable" time="0.001" />
  <testcase classname="test.org.relique.jdbc.csv.TestCsvDriver" name="testVariableColumnCount" time="0.073" />
  <testcase classname="test.org.relique.jdbc.csv.TestCsvDriver" name="testTailPrepend" time="0.031" />
  <testcase classname="test.org.relique.jdbc.csv.TestCsvDriver" name="testNonExistingTable" time="0.015" />
  <testcase classname="test.org.relique.jdbc.csv.TestCsvDriver" name="testDuplicatedColumnNamesPlainFails" time="0.008" />
  <testcase classname="test.org.relique.jdbc.csv.TestCsvDriver" name="testDuplicatedColumnNamesSuppressHeader" time="0.001" />
  <testcase classname="test.org.relique.jdbc.csv.TestCsvDriver" name="testWithNonRepeatedQuotes" time="0.015" />
  <testcase classname="test.org.relique.jdbc.csv.TestCsvDriver" name="testWithNonRepeatedQuotesExplicitSQLStyle" time="0.001" />
  <testcase classname="test.org.relique.jdbc.csv.TestCsvDriver" name="testWithNonRepeatedQuotesExplicitCStyle" time="0.001" />
  <testcase classname="test.org.relique.jdbc.csv.TestCsvDriver" name="testEscapingQuotecharExplicitCStyle" time="0.001" />
  <testcase classname="test.org.relique.jdbc.csv.TestCsvDriver" name="testEscapingQuotecharExplicitSQLStyle" time="0.001" />
  <testcase classname="test.org.relique.jdbc.csv.TestCsvDriver" name="testWithNoData" time="0.011" />
  <testcase classname="test.org.relique.jdbc.csv.TestCsvDriver" name="testConnectionName" time="0.003" />
  <testcase classname="test.org.relique.jdbc.csv.TestCsvDriver" name="testNumericDefectiveHeaders" time="0.018" />
  <testcase classname="test.org.relique.jdbc.csv.TestCsvDriver" name="testWithDefectiveHeaders" time="0.003" />
  <testcase classname="test.org.relique.jdbc.csv.TestCsvDriver" name="testSkipLeadingDataLines" time="0.003" />
  <testcase classname="test.org.relique.jdbc.csv.TestCsvDriver" name="testSkipLeadingDataFromIndexedFile" time="0.019" />
  <testcase classname="test.org.relique.jdbc.csv.TestCsvDriver" name="testIgnoreUnparseableInIndexedFile" time="0.017" />
  <testcase classname="test.org.relique.jdbc.csv.TestCsvDriver" name="testUnparseableInIndexedFileCausesSQLException" time="0.016" />
  <testcase classname="test.org.relique.jdbc.csv.TestCsvDriver" name="testRaiseUnsupportedOperationException" time="0.001" />
  <testcase classname="test.org.relique.jdbc.csv.TestCsvDriver" name="testTimestampInTimeZoneRome" time="0.039" />
  <testcase classname="test.org.relique.jdbc.csv.TestCsvDriver" name="testTimestampInTimeZoneSantiago" time="0.035" />
  <testcase classname="test.org.relique.jdbc.csv.TestCsvDriver" name="testTimestampInTimeZoneGMTPlus0400" time="0.005" />
  <testcase classname="test.org.relique.jdbc.csv.TestCsvDriver" name="testTimestampInTimeZoneGMTMinus0400" time="0.006" />
  <testcase classname="test.org.relique.jdbc.csv.TestCsvDriver" name="testAddingDateToTimeInTimeZoneAthens" time="0.042" />
  <testcase classname="test.org.relique.jdbc.csv.TestCsvDriver" name="testAddingDateToTimeInTimeZoneGMTMinus0500" time="0.008" />
  <testcase classname="test.org.relique.jdbc.csv.TestCsvDriver" name="testValuesContainQuotes" time="0.013" />
  <system-out><![CDATA[]]></system-out>
  <system-err><![CDATA[]]></system-err>
</testsuite>
